<?xml version="1.0" encoding="UTF-8"?>
<!-- Generated by org.testng.reporters.JUnitReportReporter -->
<testsuite hostname="DESKTOP-30MHC5G" failures="0" tests="2" name="com.neoStox.testCases.TC_003" time="54.834" errors="0" timestamp="2022-12-05T00:31:12 IST" skipped="0">
  <testcase classname="com.neoStox.testCases.TC_003" name="ValidateProfileName" time="33.627"/>
  <system-out>
    <![CDATA[Clicking on OK
Clicking on close button
Validating name
 name present on webpage :Hi Avishkar Jadhav
reading data from excel
Validating Profile name]]>
  </system-out>
  <testcase classname="com.neoStox.testCases.TC_003" name="ValidateACBal" time="21.207"/>
  <system-out>
    <![CDATA[Validating Ac Bal
 Ac Bal is :Rs.5,00,000.00
Validating AC balance]]>
  </system-out>
</testsuite> <!-- com.neoStox.testCases.TC_003 -->
