<?xml version="1.0" encoding="UTF-8"?>
<!-- Generated by org.testng.reporters.JUnitReportReporter -->
<testsuite hostname="DESKTOP-30MHC5G" failures="0" tests="1" name="com.neoStox.testCases.TC_002" time="26.774" errors="0" timestamp="2022-12-05T00:57:06 IST" skipped="0">
  <testcase classname="com.neoStox.testCases.TC_002" name="TestMethod" time="26.774"/>
  <system-out>
    <![CDATA[Validating name
 name present on webpage :Hi Avishkar Jadhav
Validating Profile name
Validating Ac Bal
 Ac Bal is :Rs.5,00,000.00]]>
  </system-out>
</testsuite> <!-- com.neoStox.testCases.TC_002 -->
